<?xml version="1.0" encoding="UTF-8"?>
<testng-results ignored="0" total="1" passed="1" failed="0" skipped="0">
  <reporter-output>
  </reporter-output>
  <suite started-at="2023-03-14T20:09:41 EDT" name="Surefire suite" finished-at="2023-03-14T20:10:00 EDT" duration-ms="18832">
    <groups>
    </groups>
    <test started-at="2023-03-14T20:09:41 EDT" name="Surefire test" finished-at="2023-03-14T20:10:00 EDT" duration-ms="18832">
      <class name="testPages.HomePageTest">
        <test-method is-config="true" signature="setUp()[pri:0, instance:testPages.HomePageTest@37271612]" started-at="2023-03-14T20:09:41 EDT" name="setUp" finished-at="2023-03-14T20:09:54 EDT" duration-ms="13245" status="PASS">
          <reporter-output>
          </reporter-output>
        </test-method> <!-- setUp -->
        <test-method signature="clickLoginButtonTest()[pri:0, instance:testPages.HomePageTest@37271612]" started-at="2023-03-14T20:09:54 EDT" name="clickLoginButtonTest" finished-at="2023-03-14T20:09:59 EDT" duration-ms="5215" status="PASS">
          <reporter-output>
          </reporter-output>
        </test-method> <!-- clickLoginButtonTest -->
        <test-method is-config="true" signature="tearUp()[pri:0, instance:testPages.HomePageTest@37271612]" started-at="2023-03-14T20:09:59 EDT" name="tearUp" finished-at="2023-03-14T20:10:00 EDT" duration-ms="260" status="PASS">
          <reporter-output>
          </reporter-output>
        </test-method> <!-- tearUp -->
      </class> <!-- testPages.HomePageTest -->
    </test> <!-- Surefire test -->
  </suite> <!-- Surefire suite -->
</testng-results>
