<?xml version="1.0" encoding="UTF-8"?>
<testng-results ignored="0" total="1" passed="1" failed="0" skipped="0">
  <reporter-output>
  </reporter-output>
  <suite started-at="2023-03-16T17:09:35 EDT" name="Default suite" finished-at="2023-03-16T17:09:55 EDT" duration-ms="19744">
    <groups>
    </groups>
    <test started-at="2023-03-16T17:09:35 EDT" name="Default test" finished-at="2023-03-16T17:09:55 EDT" duration-ms="19744">
      <class name="testPages.HomePageTest">
        <test-method is-config="true" signature="setUp()[pri:0, instance:testPages.HomePageTest@434a63ab]" started-at="2023-03-16T17:09:35 EDT" name="setUp" finished-at="2023-03-16T17:09:49 EDT" duration-ms="13894" status="PASS">
          <reporter-output>
          </reporter-output>
        </test-method> <!-- setUp -->
        <test-method signature="clickSearchFieldTest()[pri:0, instance:testPages.HomePageTest@434a63ab]" started-at="2023-03-16T17:09:49 EDT" name="clickSearchFieldTest" finished-at="2023-03-16T17:09:54 EDT" duration-ms="5275" status="PASS">
          <reporter-output>
          </reporter-output>
        </test-method> <!-- clickSearchFieldTest -->
        <test-method is-config="true" signature="tearUp()[pri:0, instance:testPages.HomePageTest@434a63ab]" started-at="2023-03-16T17:09:54 EDT" name="tearUp" finished-at="2023-03-16T17:09:55 EDT" duration-ms="503" status="PASS">
          <reporter-output>
          </reporter-output>
        </test-method> <!-- tearUp -->
      </class> <!-- testPages.HomePageTest -->
    </test> <!-- Default test -->
  </suite> <!-- Default suite -->
</testng-results>
